app/build/intermediates/manifest_merge_blame_file/debug/manifest-merger-blame-debug-report.txt
1<?xml version="1.0" encoding="utf-8"?>
2<manifest xmlns:android="http://schemas.android.com/apk/res/android"
3    package="com.example.a40q"
4    android:versionCode="1"
5    android:versionName="1.0" >
6
7    <uses-sdk
8        android:minSdkVersion="21"
8-->src\main\AndroidManifest.xml
9        android:targetSdkVersion="29" />
9-->src\main\AndroidManifest.xml
10
11    <uses-permission android:name="android.permission.INTERNET" />
11-->src\main\AndroidManifest.xml:24:5-67
11-->src\main\AndroidManifest.xml:24:22-64
12    <!-- Although the *SdkVersion is captured in gradle build files, this is required for non gradle builds -->
13    <!-- <uses-sdk android:minSdkVersion="14"/> -->
14    <uses-permission android:name="android.permission.ACCESS_NETWORK_STATE" />
14-->[com.google.firebase:firebase-database:19.2.0] AndroidManifest.xml:25:5-79
14-->[com.google.firebase:firebase-database:19.2.0] AndroidManifest.xml:25:22-76
15
16    <application
16-->src\main\AndroidManifest.xml:5:5-23:19
17        android:allowBackup="true"
17-->src\main\AndroidManifest.xml:6:9-35
18        android:appComponentFactory="androidx.core.app.CoreComponentFactory"
18-->[androidx.core:core:1.1.0] AndroidManifest.xml:24:18-86
19        android:debuggable="true"
20        android:icon="@mipmap/ic_launcher"
20-->src\main\AndroidManifest.xml:7:9-43
21        android:label="@string/app_name"
21-->src\main\AndroidManifest.xml:8:9-41
22        android:roundIcon="@mipmap/ic_launcher_round"
22-->src\main\AndroidManifest.xml:9:9-54
23        android:supportsRtl="true"
23-->src\main\AndroidManifest.xml:10:9-35
24        android:testOnly="true"
25        android:theme="@style/AppTheme" >
25-->src\main\AndroidManifest.xml:11:9-40
26        <activity android:name="com.example.a40q.MainActivity" >
26-->src\main\AndroidManifest.xml:12:9-18:20
26-->src\main\AndroidManifest.xml:12:19-47
27            <intent-filter>
27-->src\main\AndroidManifest.xml:13:13-17:29
28                <action android:name="android.intent.action.MAIN" />
28-->src\main\AndroidManifest.xml:14:17-69
28-->src\main\AndroidManifest.xml:14:25-66
29
30                <category android:name="android.intent.category.LAUNCHER" />
30-->src\main\AndroidManifest.xml:16:17-77
30-->src\main\AndroidManifest.xml:16:27-74
31            </intent-filter>
32        </activity>
33        <activity android:name="com.example.a40q.Mainpage" />
33-->src\main\AndroidManifest.xml:19:9-55
33-->src\main\AndroidManifest.xml:19:19-43
34        <activity android:name="com.example.a40q.ProfilePage" />
34-->src\main\AndroidManifest.xml:20:9-58
34-->src\main\AndroidManifest.xml:20:19-46
35        <activity android:name="com.example.a40q.Registration" />
35-->src\main\AndroidManifest.xml:21:9-59
35-->src\main\AndroidManifest.xml:21:19-47
36        <activity android:name="com.example.a40q.NewPass" />
36-->src\main\AndroidManifest.xml:22:9-54
36-->src\main\AndroidManifest.xml:22:19-42
37        <activity
37-->[com.google.firebase:firebase-auth:19.2.0] AndroidManifest.xml:24:9-31:50
38            android:name="com.google.firebase.auth.internal.FederatedSignInActivity"
38-->[com.google.firebase:firebase-auth:19.2.0] AndroidManifest.xml:25:13-85
39            android:excludeFromRecents="true"
39-->[com.google.firebase:firebase-auth:19.2.0] AndroidManifest.xml:26:13-46
40            android:exported="true"
40-->[com.google.firebase:firebase-auth:19.2.0] AndroidManifest.xml:27:13-36
41            android:launchMode="singleTask"
41-->[com.google.firebase:firebase-auth:19.2.0] AndroidManifest.xml:28:13-44
42            android:permission="com.google.firebase.auth.api.gms.permission.LAUNCH_FEDERATED_SIGN_IN"
42-->[com.google.firebase:firebase-auth:19.2.0] AndroidManifest.xml:29:13-102
43            android:theme="@android:style/Theme.Translucent.NoTitleBar" />
43-->[com.google.firebase:firebase-auth:19.2.0] AndroidManifest.xml:30:13-72
44
45        <service
45-->[com.google.firebase:firebase-auth:19.2.0] AndroidManifest.xml:33:9-39:19
46            android:name="com.google.firebase.components.ComponentDiscoveryService"
46-->[com.google.firebase:firebase-auth:19.2.0] AndroidManifest.xml:34:13-84
47            android:directBootAware="true"
47-->[com.google.firebase:firebase-common:19.3.0] AndroidManifest.xml:34:13-43
48            android:exported="false" >
48-->[com.google.firebase:firebase-auth:19.2.0] AndroidManifest.xml:35:13-37
49            <meta-data
49-->[com.google.firebase:firebase-auth:19.2.0] AndroidManifest.xml:36:13-38:85
50                android:name="com.google.firebase.components:com.google.firebase.auth.FirebaseAuthRegistrar"
50-->[com.google.firebase:firebase-auth:19.2.0] AndroidManifest.xml:37:17-109
51                android:value="com.google.firebase.components.ComponentRegistrar" />
51-->[com.google.firebase:firebase-auth:19.2.0] AndroidManifest.xml:38:17-82
52            <meta-data
52-->[com.google.firebase:firebase-database:19.2.0] AndroidManifest.xml:32:13-34:85
53                android:name="com.google.firebase.components:com.google.firebase.database.DatabaseRegistrar"
53-->[com.google.firebase:firebase-database:19.2.0] AndroidManifest.xml:33:17-109
54                android:value="com.google.firebase.components.ComponentRegistrar" />
54-->[com.google.firebase:firebase-database:19.2.0] AndroidManifest.xml:34:17-82
55        </service>
56
57        <activity
57-->[com.google.android.gms:play-services-base:17.1.0] AndroidManifest.xml:23:9-26:75
58            android:name="com.google.android.gms.common.api.GoogleApiActivity"
58-->[com.google.android.gms:play-services-base:17.1.0] AndroidManifest.xml:24:13-79
59            android:exported="false"
59-->[com.google.android.gms:play-services-base:17.1.0] AndroidManifest.xml:25:13-37
60            android:theme="@android:style/Theme.Translucent.NoTitleBar" />
60-->[com.google.android.gms:play-services-base:17.1.0] AndroidManifest.xml:26:13-72
61
62        <provider
62-->[com.google.firebase:firebase-common:19.3.0] AndroidManifest.xml:26:9-30:39
63            android:name="com.google.firebase.provider.FirebaseInitProvider"
63-->[com.google.firebase:firebase-common:19.3.0] AndroidManifest.xml:27:13-77
64            android:authorities="com.example.a40q.firebaseinitprovider"
64-->[com.google.firebase:firebase-common:19.3.0] AndroidManifest.xml:28:13-72
65            android:exported="false"
65-->[com.google.firebase:firebase-common:19.3.0] AndroidManifest.xml:29:13-37
66            android:initOrder="100" />
66-->[com.google.firebase:firebase-common:19.3.0] AndroidManifest.xml:30:13-36
67
68        <meta-data
68-->[com.google.android.gms:play-services-basement:17.0.0] AndroidManifest.xml:23:9-25:69
69            android:name="com.google.android.gms.version"
69-->[com.google.android.gms:play-services-basement:17.0.0] AndroidManifest.xml:24:13-58
70            android:value="@integer/google_play_services_version" />
70-->[com.google.android.gms:play-services-basement:17.0.0] AndroidManifest.xml:25:13-66
71    </application>
72
73</manifest>